<?xml version="1.0" encoding="UTF-8"?>
<!-- Generated by org.testng.reporters.JUnitReportReporter -->
<testsuite hostname="Uttam" failures="0" tests="1" name="TestCase.Testcase_08" time="15.777" errors="0" timestamp="2025-05-08T15:20:17 IST" skipped="0">
  <testcase classname="TestCase.Testcase_08" name="Verify_All_Products_and_product_detail_page" time="15.777"/>
  <system-out>
    <![CDATA[Browser verified
Opening: chrome
Browser closed: chrome
Test execution completed by: Uttam
Browser verified
Opening: chrome
Browser closed: chrome
Test execution completed by: Uttam
Browser verified
Opening: chrome
Browser closed: chrome
Test execution completed by: Uttam
Browser verified
Opening: chrome
Browser closed: chrome
Test execution completed by: Uttam
Browser verified
Opening: chrome
Browser closed: chrome
Test execution completed by: Uttam
Browser verified
Opening: chrome
Browser closed: chrome
Test execution completed by: Uttam
Browser verified
Opening: chrome
Browser closed: chrome
Test execution completed by: Uttam
Browser verified
Opening: chrome
Browser closed: chrome
Test execution completed by: Uttam
Browser verified
Opening: chrome
Browser closed: chrome
Test execution completed by: Uttam
Browser verified
Opening: chrome
Browser closed: chrome
Test execution completed by: Uttam
Browser verified
Opening: chrome
Browser closed: chrome
Test execution completed by: Uttam
Browser verified
Opening: chrome
Browser closed: chrome
Test execution completed by: Uttam
Browser verified
Opening: chrome
Browser closed: chrome
Test execution completed by: Uttam
Browser verified
Opening: chrome
Browser closed: chrome
Test execution completed by: Uttam
Browser verified
Opening: chrome
Browser closed: chrome
Test execution completed by: Uttam
Browser verified
Opening: chrome
Browser closed: chrome
Test execution completed by: Uttam
Browser verified
Opening: chrome
Browser closed: chrome
Test execution completed by: Uttam
Browser verified
Opening: chrome
Browser closed: chrome
Test execution completed by: Uttam
Browser verified
Opening: chrome
Browser closed: chrome
Test execution completed by: Uttam
Browser verified
Opening: chrome
Browser closed: chrome
Test execution completed by: Uttam
Browser verified
Opening: chrome
Browser closed: chrome
Test execution completed by: Uttam
Browser verified
Opening: chrome
Browser closed: chrome
Test execution completed by: Uttam
Browser verified
Opening: chrome
Browser closed: chrome
Test execution completed by: Uttam
Browser verified
Opening: chrome
Browser closed: chrome
Test execution completed by: Uttam
Browser verified
Opening: chrome
Browser closed: chrome
Test execution completed by: Uttam
Browser verified
Opening: chrome
Browser closed: chrome
Test execution completed by: Uttam]]>
  </system-out>
</testsuite> <!-- TestCase.Testcase_08 -->
