<?xml version="1.0" encoding="UTF-8"?>
<!-- Generated by org.testng.reporters.JUnitReportReporter -->
<testsuite hostname="Uttam" failures="0" tests="1" name="TestCase.Testcase_15" time="92.181" errors="0" timestamp="2025-05-08T15:20:17 IST" skipped="0">
  <testcase classname="TestCase.Testcase_15" name="Place_Order_Register_before_Checkout" time="92.181"/>
  <system-out>
    <![CDATA[Browser verified
Opening: chrome
Browser closed: chrome
Test execution completed by: Uttam
Browser verified
Opening: chrome
Browser closed: chrome
Test execution completed by: Uttam
Browser verified
Opening: chrome
Browser closed: chrome
Test execution completed by: Uttam
Browser verified
Opening: chrome
Browser closed: chrome
Test execution completed by: Uttam
Browser verified
Opening: chrome
Browser closed: chrome
Test execution completed by: Uttam
Browser verified
Opening: chrome
Browser closed: chrome
Test execution completed by: Uttam
Browser verified
Opening: chrome
Browser closed: chrome
Test execution completed by: Uttam
Browser verified
Opening: chrome
Browser closed: chrome
Test execution completed by: Uttam
Browser verified
Opening: chrome
Browser closed: chrome
Test execution completed by: Uttam
Browser verified
Opening: chrome
Browser closed: chrome
Test execution completed by: Uttam
Browser verified
Opening: chrome
Browser closed: chrome
Test execution completed by: Uttam
Browser verified
Opening: chrome
Browser closed: chrome
Test execution completed by: Uttam
Browser verified
Opening: chrome
Browser closed: chrome
Test execution completed by: Uttam
Browser verified
Opening: chrome
Browser closed: chrome
Test execution completed by: Uttam
Browser verified
Opening: chrome
Browser closed: chrome
Test execution completed by: Uttam
Browser verified
Opening: chrome
Browser closed: chrome
Test execution completed by: Uttam
Browser verified
Opening: chrome
Browser closed: chrome
Test execution completed by: Uttam
Browser verified
Opening: chrome
Browser closed: chrome
Test execution completed by: Uttam
Browser verified
Opening: chrome
Browser closed: chrome
Test execution completed by: Uttam
Browser verified
Opening: chrome
Browser closed: chrome
Test execution completed by: Uttam
Browser verified
Opening: chrome
Browser closed: chrome
Test execution completed by: Uttam
Browser verified
Opening: chrome
Browser closed: chrome
Test execution completed by: Uttam
Browser verified
Opening: chrome
Browser closed: chrome
Test execution completed by: Uttam
Browser verified
Opening: chrome
Browser closed: chrome
Test execution completed by: Uttam
Browser verified
Opening: chrome
Browser closed: chrome
Test execution completed by: Uttam
Browser verified
Opening: chrome
Browser closed: chrome
Test execution completed by: Uttam]]>
  </system-out>
</testsuite> <!-- TestCase.Testcase_15 -->
