<?xml version="1.0" encoding="UTF-8"?>
<!-- Generated by org.testng.reporters.JUnitReportReporter -->
<testsuite hostname="Uttam" failures="0" tests="1" name="TestCase.Testcase_06" time="33.470" errors="0" timestamp="2025-05-08T15:20:17 IST" skipped="0">
  <testcase classname="TestCase.Testcase_06" name="Contact_Us_Form" time="33.470"/>
  <system-out>
    <![CDATA[Browser verified
Opening: chrome
Browser closed: chrome
Test execution completed by: Uttam
Browser verified
Opening: chrome
Browser closed: chrome
Test execution completed by: Uttam
Browser verified
Opening: chrome
Browser closed: chrome
Test execution completed by: Uttam
Browser verified
Opening: chrome
Browser closed: chrome
Test execution completed by: Uttam
Browser verified
Opening: chrome
Browser closed: chrome
Test execution completed by: Uttam
Browser verified
Opening: chrome
Browser closed: chrome
Test execution completed by: Uttam
Browser verified
Opening: chrome
Browser closed: chrome
Test execution completed by: Uttam
Browser verified
Opening: chrome
Browser closed: chrome
Test execution completed by: Uttam
Browser verified
Opening: chrome
Browser closed: chrome
Test execution completed by: Uttam
Browser verified
Opening: chrome
Browser closed: chrome
Test execution completed by: Uttam
Browser verified
Opening: chrome
Browser closed: chrome
Test execution completed by: Uttam
Browser verified
Opening: chrome
Browser closed: chrome
Test execution completed by: Uttam
Browser verified
Opening: chrome
Browser closed: chrome
Test execution completed by: Uttam
Browser verified
Opening: chrome
Browser closed: chrome
Test execution completed by: Uttam
Browser verified
Opening: chrome
Browser closed: chrome
Test execution completed by: Uttam
Browser verified
Opening: chrome
Browser closed: chrome
Test execution completed by: Uttam
Browser verified
Opening: chrome
Browser closed: chrome
Test execution completed by: Uttam
Browser verified
Opening: chrome
Browser closed: chrome
Test execution completed by: Uttam
Browser verified
Opening: chrome
Browser closed: chrome
Test execution completed by: Uttam
Browser verified
Opening: chrome
Browser closed: chrome
Test execution completed by: Uttam
Browser verified
Opening: chrome
Browser closed: chrome
Test execution completed by: Uttam
Browser verified
Opening: chrome
Browser closed: chrome
Test execution completed by: Uttam
Browser verified
Opening: chrome
Browser closed: chrome
Test execution completed by: Uttam
Browser verified
Opening: chrome
Browser closed: chrome
Test execution completed by: Uttam
Browser verified
Opening: chrome
Browser closed: chrome
Test execution completed by: Uttam
Browser verified
Opening: chrome
Browser closed: chrome
Test execution completed by: Uttam]]>
  </system-out>
</testsuite> <!-- TestCase.Testcase_06 -->
